<?xml version="1.0" encoding="UTF-8"?>
<testsuite xmlns:xsi="http://www.w3.org/2001/XMLSchema-instance" xsi:noNamespaceSchemaLocation="https://maven.apache.org/surefire/maven-surefire-plugin/xsd/surefire-test-report.xsd" version="3.0.2" name="group3.bankingApp.services.AccountServiceTest" time="0.649" tests="8" errors="0" skipped="0" failures="0">
  <properties>
[...]
</properties>
  <testcase name="findById_ShouldReturnAccount_WhenExists" classname="group3.bankingApp.services.AccountServiceTest" time="0.564">
    <system-out><![CDATA[findById_ShouldReturnAccount_WhenExists: PASSED
]]></system-out>
  </testcase>
  <testcase name="findById_ShouldThrow_WhenNotFound" classname="group3.bankingApp.services.AccountServiceTest" time="0.008">
    <system-out><![CDATA[findById_ShouldThrow_WhenNotFound: PASSED
]]></system-out>
  </testcase>
  <testcase name="save_ShouldReturnSavedAccount" classname="group3.bankingApp.services.AccountServiceTest" time="0.006">
    <system-out><![CDATA[save_ShouldReturnSavedAccount: PASSED
]]></system-out>
  </testcase>
  <testcase name="updateAccount_ShouldModifyAndSaveAccount" classname="group3.bankingApp.services.AccountServiceTest" time="0.03">
    <system-out><![CDATA[updateAccount_ShouldModifyAndSaveAccount: PASSED
]]></system-out>
  </testcase>
  <testcase name="findAll_ShouldReturnPagedAccounts" classname="group3.bankingApp.services.AccountServiceTest" time="0.007">
    <system-out><![CDATA[findAll_ShouldReturnPagedAccounts: PASSED
]]></system-out>
  </testcase>
  <testcase name="generateIban_ShouldReturnUniqueIban" classname="group3.bankingApp.services.AccountServiceTest" time="0.008">
    <system-out><![CDATA[generateIban_ShouldReturnUniqueIban: PASSED
]]></system-out>
  </testcase>
  <testcase name="findUsersAccounts_ShouldThrow_WhenNoAccountsExist" classname="group3.bankingApp.services.AccountServiceTest" time="0.011">
    <system-out><![CDATA[findUsersAccounts_ShouldThrow_WhenNoAccountsExist: PASSED
]]></system-out>
  </testcase>
  <testcase name="findUsersAccounts_ShouldReturnList_WhenAccountsExist" classname="group3.bankingApp.services.AccountServiceTest" time="0.004">
    <system-out><![CDATA[findUsersAccounts_ShouldReturnList_WhenAccountsExist: PASSED
]]></system-out>
  </testcase>
</testsuite>