<?xml version="1.0" encoding="UTF-8"?>
<testsuite xmlns:xsi="http://www.w3.org/2001/XMLSchema-instance" xsi:noNamespaceSchemaLocation="https://maven.apache.org/surefire/maven-surefire-plugin/xsd/surefire-test-report.xsd" version="3.0.2" name="group3.bankingApp.config.SecurityAuthorizationTest" time="4.522" tests="5" errors="5" skipped="0" failures="0">
  <properties>
[...]
</properties>
  <testcase name="publicCanAccessRegister" classname="group3.bankingApp.config.SecurityAuthorizationTest" time="0.536">
    <error message="could not execute statement [Referential integrity constraint violation: &quot;CONSTRAINT_FF: PUBLIC.TRANSACTION FOREIGN KEY(SENDER_ACCOUNT) REFERENCES PUBLIC.ACCOUNT(ACCOUNTID) (1)&quot;; SQL statement:&#10;delete from account where accountid=? [23503-232]] [delete from account where accountid=?]; SQL [delete from account where accountid=?]; constraint [CONSTRAINT_FF: PUBLIC.TRANSACTION FOREIGN KEY(SENDER_ACCOUNT) REFERENCES PUBLIC.ACCOUNT(ACCOUNTID) (1); SQL statement:&#10;delete from account where accountid=? [23503-232]]" type="org.springframework.dao.DataIntegrityViolationException"><![CDATA[org.springframework.dao.DataIntegrityViolationException: 
could not execute statement [Referential integrity constraint violation: "CONSTRAINT_FF: PUBLIC.TRANSACTION FOREIGN KEY(SENDER_ACCOUNT) REFERENCES PUBLIC.ACCOUNT(ACCOUNTID) (1)"; SQL statement:
delete from account where accountid=? [23503-232]] [delete from account where accountid=?]; SQL [delete from account where accountid=?]; constraint [CONSTRAINT_FF: PUBLIC.TRANSACTION FOREIGN KEY(SENDER_ACCOUNT) REFERENCES PUBLIC.ACCOUNT(ACCOUNTID) (1); SQL statement:
delete from account where accountid=? [23503-232]]
	at org.springframework.orm.jpa.vendor.HibernateJpaDialect.convertHibernateAccessException(HibernateJpaDialect.java:290)
	at org.springframework.orm.jpa.vendor.HibernateJpaDialect.translateExceptionIfPossible(HibernateJpaDialect.java:241)
	at org.springframework.orm.jpa.JpaTransactionManager.doCommit(JpaTransactionManager.java:566)
	at org.springframework.transaction.support.AbstractPlatformTransactionManager.processCommit(AbstractPlatformTransactionManager.java:795)
	at org.springframework.transaction.support.AbstractPlatformTransactionManager.commit(AbstractPlatformTransactionManager.java:758)
	at org.springframework.transaction.interceptor.TransactionAspectSupport.commitTransactionAfterReturning(TransactionAspectSupport.java:698)
	at org.springframework.transaction.interceptor.TransactionAspectSupport.invokeWithinTransaction(TransactionAspectSupport.java:416)
	at org.springframework.transaction.interceptor.TransactionInterceptor.invoke(TransactionInterceptor.java:119)
	at org.springframework.aop.framework.ReflectiveMethodInvocation.proceed(ReflectiveMethodInvocation.java:184)
	at org.springframework.dao.support.PersistenceExceptionTranslationInterceptor.invoke(PersistenceExceptionTranslationInterceptor.java:138)
	at org.springframework.aop.framework.ReflectiveMethodInvocation.proceed(ReflectiveMethodInvocation.java:184)
	at org.springframework.data.jpa.repository.support.CrudMethodMetadataPostProcessor$CrudMethodMetadataPopulatingMethodInterceptor.invoke(CrudMethodMetadataPostProcessor.java:165)
	at org.springframework.aop.framework.ReflectiveMethodInvocation.proceed(ReflectiveMethodInvocation.java:184)
	at org.springframework.aop.framework.JdkDynamicAopProxy.invoke(JdkDynamicAopProxy.java:223)
	at jdk.proxy2/jdk.proxy2.$Proxy191.deleteAll(Unknown Source)
	at group3.bankingApp.config.SecurityAuthorizationTest.setUp(SecurityAuthorizationTest.java:40)
	at java.base/java.lang.reflect.Method.invoke(Method.java:580)
	at java.base/java.util.ArrayList.forEach(ArrayList.java:1596)
	at java.base/java.util.ArrayList.forEach(ArrayList.java:1596)
Caused by: org.hibernate.exception.ConstraintViolationException: could not execute statement [Referential integrity constraint violation: "CONSTRAINT_FF: PUBLIC.TRANSACTION FOREIGN KEY(SENDER_ACCOUNT) REFERENCES PUBLIC.ACCOUNT(ACCOUNTID) (1)"; SQL statement:
delete from account where accountid=? [23503-232]] [delete from account where accountid=?]
	at org.hibernate.exception.internal.SQLExceptionTypeDelegate.convert(SQLExceptionTypeDelegate.java:62)
	at org.hibernate.exception.internal.StandardSQLExceptionConverter.convert(StandardSQLExceptionConverter.java:58)
	at org.hibernate.engine.jdbc.spi.SqlExceptionHelper.convert(SqlExceptionHelper.java:108)
	at org.hibernate.engine.jdbc.internal.ResultSetReturnImpl.executeUpdate(ResultSetReturnImpl.java:197)
	at org.hibernate.engine.jdbc.mutation.internal.AbstractMutationExecutor.performNonBatchedMutation(AbstractMutationExecutor.java:134)
	at org.hibernate.engine.jdbc.mutation.internal.MutationExecutorSingleNonBatched.performNonBatchedOperations(MutationExecutorSingleNonBatched.java:55)
	at org.hibernate.engine.jdbc.mutation.internal.AbstractMutationExecutor.execute(AbstractMutationExecutor.java:55)
	at org.hibernate.persister.entity.mutation.AbstractDeleteCoordinator.doStaticDelete(AbstractDeleteCoordinator.java:279)
	at org.hibernate.persister.entity.mutation.AbstractDeleteCoordinator.delete(AbstractDeleteCoordinator.java:87)
	at org.hibernate.action.internal.EntityDeleteAction.execute(EntityDeleteAction.java:131)
	at org.hibernate.engine.spi.ActionQueue.executeActions(ActionQueue.java:632)
	at org.hibernate.engine.spi.ActionQueue.executeActions(ActionQueue.java:499)
	at org.hibernate.event.internal.AbstractFlushingEventListener.performExecutions(AbstractFlushingEventListener.java:371)
	at org.hibernate.event.internal.DefaultFlushEventListener.onFlush(DefaultFlushEventListener.java:41)
	at org.hibernate.event.service.internal.EventListenerGroupImpl.fireEventOnEachListener(EventListenerGroupImpl.java:127)
	at org.hibernate.internal.SessionImpl.doFlush(SessionImpl.java:1425)
	at org.hibernate.internal.SessionImpl.managedFlush(SessionImpl.java:487)
	at org.hibernate.internal.SessionImpl.flushBeforeTransactionCompletion(SessionImpl.java:2324)
	at org.hibernate.internal.SessionImpl.beforeTransactionCompletion(SessionImpl.java:1981)
	at org.hibernate.engine.jdbc.internal.JdbcCoordinatorImpl.beforeTransactionCompletion(JdbcCoordinatorImpl.java:439)
	at org.hibernate.resource.transaction.backend.jdbc.internal.JdbcResourceLocalTransactionCoordinatorImpl.beforeCompletionCallback(JdbcResourceLocalTransactionCoordinatorImpl.java:169)
	at org.hibernate.resource.transaction.backend.jdbc.internal.JdbcResourceLocalTransactionCoordinatorImpl$TransactionDriverControlImpl.commit(JdbcResourceLocalTransactionCoordinatorImpl.java:267)
	at org.hibernate.engine.transaction.internal.TransactionImpl.commit(TransactionImpl.java:101)
	at org.springframework.orm.jpa.JpaTransactionManager.doCommit(JpaTransactionManager.java:562)
	... 16 more
Caused by: org.h2.jdbc.JdbcSQLIntegrityConstraintViolationException: Referential integrity constraint violation: "CONSTRAINT_FF: PUBLIC.TRANSACTION FOREIGN KEY(SENDER_ACCOUNT) REFERENCES PUBLIC.ACCOUNT(ACCOUNTID) (1)"; SQL statement:
delete from account where accountid=? [23503-232]
	at org.h2.message.DbException.getJdbcSQLException(DbException.java:520)
	at org.h2.message.DbException.getJdbcSQLException(DbException.java:489)
	at org.h2.message.DbException.get(DbException.java:223)
	at org.h2.message.DbException.get(DbException.java:199)
	at org.h2.constraint.ConstraintReferential.checkRow(ConstraintReferential.java:362)
	at org.h2.constraint.ConstraintReferential.checkRowRefTable(ConstraintReferential.java:379)
	at org.h2.constraint.ConstraintReferential.checkRow(ConstraintReferential.java:253)
	at org.h2.table.Table.fireConstraints(Table.java:1227)
	at org.h2.table.Table.fireAfterRow(Table.java:1245)
	at org.h2.command.dml.Delete.update(Delete.java:92)
	at org.h2.command.dml.DataChangeStatement.update(DataChangeStatement.java:74)
	at org.h2.command.CommandContainer.update(CommandContainer.java:139)
	at org.h2.command.Command.executeUpdate(Command.java:304)
	at org.h2.command.Command.executeUpdate(Command.java:248)
	at org.h2.jdbc.JdbcPreparedStatement.executeUpdateInternal(JdbcPreparedStatement.java:213)
	at org.h2.jdbc.JdbcPreparedStatement.executeUpdate(JdbcPreparedStatement.java:172)
	at com.zaxxer.hikari.pool.ProxyPreparedStatement.executeUpdate(ProxyPreparedStatement.java:61)
	at com.zaxxer.hikari.pool.HikariProxyPreparedStatement.executeUpdate(HikariProxyPreparedStatement.java)
	at org.hibernate.engine.jdbc.internal.ResultSetReturnImpl.executeUpdate(ResultSetReturnImpl.java:194)
	... 36 more
]]></error>
    <system-out><![CDATA[2025-06-11T22:21:27.212+02:00  INFO 2516 --- [bankingApp] [           main] t.c.s.AnnotationConfigContextLoaderUtils : Could not detect default configuration classes for test class [group3.bankingApp.config.SecurityAuthorizationTest]: SecurityAuthorizationTest does not declare any static, non-private, non-final, nested classes annotated with @Configuration.
2025-06-11T22:21:27.317+02:00  INFO 2516 --- [bankingApp] [           main] .b.t.c.SpringBootTestContextBootstrapper : Found @SpringBootConfiguration group3.bankingApp.BankingAppApplication for test class group3.bankingApp.config.SecurityAuthorizationTest

  .   ____          _            __ _ _
 /\\ / ___'_ __ _ _(_)_ __  __ _ \ \ \ \
( ( )\___ | '_ | '_| | '_ \/ _` | \ \ \ \
 \\/  ___)| |_)| | | | | || (_| |  ) ) ) )
  '  |____| .__|_| |_|_| |_\__, | / / / /
 =========|_|==============|___/=/_/_/_/

 :: Spring Boot ::                (v3.4.4)

2025-06-11T22:21:27.449+02:00  INFO 2516 --- [bankingApp] [           main] g.b.config.SecurityAuthorizationTest     : Starting SecurityAuthorizationTest using Java 21.0.4 with PID 2516 (started by lehun in C:\INHOLLAND UNIVERSITY\Second Year\Fourth Term\Code Generation\Banking-Project\Back-End)
2025-06-11T22:21:27.450+02:00  INFO 2516 --- [bankingApp] [           main] g.b.config.SecurityAuthorizationTest     : No active profile set, falling back to 1 default profile: "default"
2025-06-11T22:21:28.537+02:00  INFO 2516 --- [bankingApp] [           main] .s.d.r.c.RepositoryConfigurationDelegate : Bootstrapping Spring Data JPA repositories in DEFAULT mode.
2025-06-11T22:21:28.600+02:00  INFO 2516 --- [bankingApp] [           main] .s.d.r.c.RepositoryConfigurationDelegate : Finished Spring Data repository scanning in 58 ms. Found 3 JPA repository interfaces.
2025-06-11T22:21:29.063+02:00  INFO 2516 --- [bankingApp] [           main] com.zaxxer.hikari.HikariDataSource       : HikariPool-2 - Starting...
2025-06-11T22:21:29.066+02:00  INFO 2516 --- [bankingApp] [           main] com.zaxxer.hikari.pool.HikariPool        : HikariPool-2 - Added connection conn10: url=jdbc:h2:mem:db user=ADMIN
2025-06-11T22:21:29.067+02:00  INFO 2516 --- [bankingApp] [           main] com.zaxxer.hikari.HikariDataSource       : HikariPool-2 - Start completed.
2025-06-11T22:21:29.072+02:00  INFO 2516 --- [bankingApp] [           main] org.flywaydb.core.FlywayExecutor         : Database: jdbc:h2:mem:db (H2 2.3)
2025-06-11T22:21:29.076+02:00  WARN 2516 --- [bankingApp] [           main] o.f.c.internal.database.base.Database    : Flyway upgrade recommended: H2 2.3.232 is newer than this version of Flyway and support has not been tested. The latest supported version of H2 is 2.2.224.
2025-06-11T22:21:29.104+02:00  INFO 2516 --- [bankingApp] [           main] o.f.core.internal.command.DbValidate     : Successfully validated 9 migrations (execution time 00:00.025s)
2025-06-11T22:21:29.110+02:00  INFO 2516 --- [bankingApp] [           main] o.f.core.internal.command.DbMigrate      : Current version of schema "PUBLIC": 16
2025-06-11T22:21:29.111+02:00  INFO 2516 --- [bankingApp] [           main] o.f.core.internal.command.DbMigrate      : Schema "PUBLIC" is up to date. No migration necessary.
2025-06-11T22:21:29.182+02:00  INFO 2516 --- [bankingApp] [           main] o.hibernate.jpa.internal.util.LogHelper  : HHH000204: Processing PersistenceUnitInfo [name: default]
2025-06-11T22:21:29.202+02:00  INFO 2516 --- [bankingApp] [           main] o.h.c.internal.RegionFactoryInitiator    : HHH000026: Second-level cache disabled
2025-06-11T22:21:29.249+02:00  INFO 2516 --- [bankingApp] [           main] o.s.o.j.p.SpringPersistenceUnitInfo      : No LoadTimeWeaver setup: ignoring JPA class transformer
2025-06-11T22:21:29.679+02:00  INFO 2516 --- [bankingApp] [           main] o.h.e.t.j.p.i.JtaPlatformInitiator       : HHH000489: No JTA platform available (set 'hibernate.transaction.jta.platform' to enable JTA platform integration)
2025-06-11T22:21:29.681+02:00  INFO 2516 --- [bankingApp] [           main] j.LocalContainerEntityManagerFactoryBean : Initialized JPA EntityManagerFactory for persistence unit 'default'
2025-06-11T22:21:30.195+02:00  WARN 2516 --- [bankingApp] [           main] JpaBaseConfiguration$JpaWebConfiguration : spring.jpa.open-in-view is enabled by default. Therefore, database queries may be performed during view rendering. Explicitly configure spring.jpa.open-in-view to disable this warning
2025-06-11T22:21:30.219+02:00  INFO 2516 --- [bankingApp] [           main] r$InitializeUserDetailsManagerConfigurer : Global AuthenticationManager configured with UserDetailsService bean with name customUserDetailsService
2025-06-11T22:21:30.734+02:00  INFO 2516 --- [bankingApp] [           main] o.s.b.a.h2.H2ConsoleAutoConfiguration    : H2 console available at '/h2-console'. Database available at 'jdbc:h2:mem:db'
2025-06-11T22:21:30.915+02:00  INFO 2516 --- [bankingApp] [           main] o.s.b.t.m.w.SpringBootMockServletContext : Initializing Spring TestDispatcherServlet ''
2025-06-11T22:21:30.915+02:00  INFO 2516 --- [bankingApp] [           main] o.s.t.web.servlet.TestDispatcherServlet  : Initializing Servlet ''
2025-06-11T22:21:30.920+02:00  INFO 2516 --- [bankingApp] [           main] o.s.t.web.servlet.TestDispatcherServlet  : Completed initialization in 3 ms
2025-06-11T22:21:30.957+02:00  INFO 2516 --- [bankingApp] [           main] g.b.config.SecurityAuthorizationTest     : Started SecurityAuthorizationTest in 3.612 seconds (process running for 41.601)
Hibernate: 
    select
        a1_0.accountid,
        a1_0.iban,
        a1_0.absolute_limit,
        a1_0.account_type,
        a1_0.balance,
        a1_0.daily_limit,
        a1_0.userid,
        a1_0.verify_account 
    from
        account a1_0
Hibernate: 
    delete 
    from
        account 
    where
        accountid=?
2025-06-11T22:21:31.364+02:00  WARN 2516 --- [bankingApp] [           main] o.h.engine.jdbc.spi.SqlExceptionHelper   : SQL Error: 23503, SQLState: 23503
2025-06-11T22:21:31.364+02:00 ERROR 2516 --- [bankingApp] [           main] o.h.engine.jdbc.spi.SqlExceptionHelper   : Referential integrity constraint violation: "CONSTRAINT_FF: PUBLIC.TRANSACTION FOREIGN KEY(SENDER_ACCOUNT) REFERENCES PUBLIC.ACCOUNT(ACCOUNTID) (1)"; SQL statement:
delete from account where accountid=? [23503-232]
]]></system-out>
  </testcase>
  <testcase name="customerCanAccessCustomerTransactionApi" classname="group3.bankingApp.config.SecurityAuthorizationTest" time="0.064">
    <error message="could not execute statement [Referential integrity constraint violation: &quot;CONSTRAINT_FF: PUBLIC.TRANSACTION FOREIGN KEY(SENDER_ACCOUNT) REFERENCES PUBLIC.ACCOUNT(ACCOUNTID) (1)&quot;; SQL statement:&#10;delete from account where accountid=? [23503-232]] [delete from account where accountid=?]; SQL [delete from account where accountid=?]; constraint [CONSTRAINT_FF: PUBLIC.TRANSACTION FOREIGN KEY(SENDER_ACCOUNT) REFERENCES PUBLIC.ACCOUNT(ACCOUNTID) (1); SQL statement:&#10;delete from account where accountid=? [23503-232]]" type="org.springframework.dao.DataIntegrityViolationException"><![CDATA[org.springframework.dao.DataIntegrityViolationException: 
could not execute statement [Referential integrity constraint violation: "CONSTRAINT_FF: PUBLIC.TRANSACTION FOREIGN KEY(SENDER_ACCOUNT) REFERENCES PUBLIC.ACCOUNT(ACCOUNTID) (1)"; SQL statement:
delete from account where accountid=? [23503-232]] [delete from account where accountid=?]; SQL [delete from account where accountid=?]; constraint [CONSTRAINT_FF: PUBLIC.TRANSACTION FOREIGN KEY(SENDER_ACCOUNT) REFERENCES PUBLIC.ACCOUNT(ACCOUNTID) (1); SQL statement:
delete from account where accountid=? [23503-232]]
	at org.springframework.orm.jpa.vendor.HibernateJpaDialect.convertHibernateAccessException(HibernateJpaDialect.java:290)
	at org.springframework.orm.jpa.vendor.HibernateJpaDialect.translateExceptionIfPossible(HibernateJpaDialect.java:241)
	at org.springframework.orm.jpa.JpaTransactionManager.doCommit(JpaTransactionManager.java:566)
	at org.springframework.transaction.support.AbstractPlatformTransactionManager.processCommit(AbstractPlatformTransactionManager.java:795)
	at org.springframework.transaction.support.AbstractPlatformTransactionManager.commit(AbstractPlatformTransactionManager.java:758)
	at org.springframework.transaction.interceptor.TransactionAspectSupport.commitTransactionAfterReturning(TransactionAspectSupport.java:698)
	at org.springframework.transaction.interceptor.TransactionAspectSupport.invokeWithinTransaction(TransactionAspectSupport.java:416)
	at org.springframework.transaction.interceptor.TransactionInterceptor.invoke(TransactionInterceptor.java:119)
	at org.springframework.aop.framework.ReflectiveMethodInvocation.proceed(ReflectiveMethodInvocation.java:184)
	at org.springframework.dao.support.PersistenceExceptionTranslationInterceptor.invoke(PersistenceExceptionTranslationInterceptor.java:138)
	at org.springframework.aop.framework.ReflectiveMethodInvocation.proceed(ReflectiveMethodInvocation.java:184)
	at org.springframework.data.jpa.repository.support.CrudMethodMetadataPostProcessor$CrudMethodMetadataPopulatingMethodInterceptor.invoke(CrudMethodMetadataPostProcessor.java:165)
	at org.springframework.aop.framework.ReflectiveMethodInvocation.proceed(ReflectiveMethodInvocation.java:184)
	at org.springframework.aop.framework.JdkDynamicAopProxy.invoke(JdkDynamicAopProxy.java:223)
	at jdk.proxy2/jdk.proxy2.$Proxy191.deleteAll(Unknown Source)
	at group3.bankingApp.config.SecurityAuthorizationTest.setUp(SecurityAuthorizationTest.java:40)
	at java.base/java.lang.reflect.Method.invoke(Method.java:580)
	at java.base/java.util.ArrayList.forEach(ArrayList.java:1596)
	at java.base/java.util.ArrayList.forEach(ArrayList.java:1596)
Caused by: org.hibernate.exception.ConstraintViolationException: could not execute statement [Referential integrity constraint violation: "CONSTRAINT_FF: PUBLIC.TRANSACTION FOREIGN KEY(SENDER_ACCOUNT) REFERENCES PUBLIC.ACCOUNT(ACCOUNTID) (1)"; SQL statement:
delete from account where accountid=? [23503-232]] [delete from account where accountid=?]
	at org.hibernate.exception.internal.SQLExceptionTypeDelegate.convert(SQLExceptionTypeDelegate.java:62)
	at org.hibernate.exception.internal.StandardSQLExceptionConverter.convert(StandardSQLExceptionConverter.java:58)
	at org.hibernate.engine.jdbc.spi.SqlExceptionHelper.convert(SqlExceptionHelper.java:108)
	at org.hibernate.engine.jdbc.internal.ResultSetReturnImpl.executeUpdate(ResultSetReturnImpl.java:197)
	at org.hibernate.engine.jdbc.mutation.internal.AbstractMutationExecutor.performNonBatchedMutation(AbstractMutationExecutor.java:134)
	at org.hibernate.engine.jdbc.mutation.internal.MutationExecutorSingleNonBatched.performNonBatchedOperations(MutationExecutorSingleNonBatched.java:55)
	at org.hibernate.engine.jdbc.mutation.internal.AbstractMutationExecutor.execute(AbstractMutationExecutor.java:55)
	at org.hibernate.persister.entity.mutation.AbstractDeleteCoordinator.doStaticDelete(AbstractDeleteCoordinator.java:279)
	at org.hibernate.persister.entity.mutation.AbstractDeleteCoordinator.delete(AbstractDeleteCoordinator.java:87)
	at org.hibernate.action.internal.EntityDeleteAction.execute(EntityDeleteAction.java:131)
	at org.hibernate.engine.spi.ActionQueue.executeActions(ActionQueue.java:632)
	at org.hibernate.engine.spi.ActionQueue.executeActions(ActionQueue.java:499)
	at org.hibernate.event.internal.AbstractFlushingEventListener.performExecutions(AbstractFlushingEventListener.java:371)
	at org.hibernate.event.internal.DefaultFlushEventListener.onFlush(DefaultFlushEventListener.java:41)
	at org.hibernate.event.service.internal.EventListenerGroupImpl.fireEventOnEachListener(EventListenerGroupImpl.java:127)
	at org.hibernate.internal.SessionImpl.doFlush(SessionImpl.java:1425)
	at org.hibernate.internal.SessionImpl.managedFlush(SessionImpl.java:487)
	at org.hibernate.internal.SessionImpl.flushBeforeTransactionCompletion(SessionImpl.java:2324)
	at org.hibernate.internal.SessionImpl.beforeTransactionCompletion(SessionImpl.java:1981)
	at org.hibernate.engine.jdbc.internal.JdbcCoordinatorImpl.beforeTransactionCompletion(JdbcCoordinatorImpl.java:439)
	at org.hibernate.resource.transaction.backend.jdbc.internal.JdbcResourceLocalTransactionCoordinatorImpl.beforeCompletionCallback(JdbcResourceLocalTransactionCoordinatorImpl.java:169)
	at org.hibernate.resource.transaction.backend.jdbc.internal.JdbcResourceLocalTransactionCoordinatorImpl$TransactionDriverControlImpl.commit(JdbcResourceLocalTransactionCoordinatorImpl.java:267)
	at org.hibernate.engine.transaction.internal.TransactionImpl.commit(TransactionImpl.java:101)
	at org.springframework.orm.jpa.JpaTransactionManager.doCommit(JpaTransactionManager.java:562)
	... 16 more
Caused by: org.h2.jdbc.JdbcSQLIntegrityConstraintViolationException: Referential integrity constraint violation: "CONSTRAINT_FF: PUBLIC.TRANSACTION FOREIGN KEY(SENDER_ACCOUNT) REFERENCES PUBLIC.ACCOUNT(ACCOUNTID) (1)"; SQL statement:
delete from account where accountid=? [23503-232]
	at org.h2.message.DbException.getJdbcSQLException(DbException.java:520)
	at org.h2.message.DbException.getJdbcSQLException(DbException.java:489)
	at org.h2.message.DbException.get(DbException.java:223)
	at org.h2.message.DbException.get(DbException.java:199)
	at org.h2.constraint.ConstraintReferential.checkRow(ConstraintReferential.java:362)
	at org.h2.constraint.ConstraintReferential.checkRowRefTable(ConstraintReferential.java:379)
	at org.h2.constraint.ConstraintReferential.checkRow(ConstraintReferential.java:253)
	at org.h2.table.Table.fireConstraints(Table.java:1227)
	at org.h2.table.Table.fireAfterRow(Table.java:1245)
	at org.h2.command.dml.Delete.update(Delete.java:92)
	at org.h2.command.dml.DataChangeStatement.update(DataChangeStatement.java:74)
	at org.h2.command.CommandContainer.update(CommandContainer.java:139)
	at org.h2.command.Command.executeUpdate(Command.java:304)
	at org.h2.command.Command.executeUpdate(Command.java:248)
	at org.h2.jdbc.JdbcPreparedStatement.executeUpdateInternal(JdbcPreparedStatement.java:213)
	at org.h2.jdbc.JdbcPreparedStatement.executeUpdate(JdbcPreparedStatement.java:172)
	at com.zaxxer.hikari.pool.ProxyPreparedStatement.executeUpdate(ProxyPreparedStatement.java:61)
	at com.zaxxer.hikari.pool.HikariProxyPreparedStatement.executeUpdate(HikariProxyPreparedStatement.java)
	at org.hibernate.engine.jdbc.internal.ResultSetReturnImpl.executeUpdate(ResultSetReturnImpl.java:194)
	... 36 more
]]></error>
    <system-out><![CDATA[Hibernate: 
    select
        a1_0.accountid,
        a1_0.iban,
        a1_0.absolute_limit,
        a1_0.account_type,
        a1_0.balance,
        a1_0.daily_limit,
        a1_0.userid,
        a1_0.verify_account 
    from
        account a1_0
Hibernate: 
    delete 
    from
        account 
    where
        accountid=?
2025-06-11T22:21:31.572+02:00  WARN 2516 --- [bankingApp] [           main] o.h.engine.jdbc.spi.SqlExceptionHelper   : SQL Error: 23503, SQLState: 23503
2025-06-11T22:21:31.574+02:00 ERROR 2516 --- [bankingApp] [           main] o.h.engine.jdbc.spi.SqlExceptionHelper   : Referential integrity constraint violation: "CONSTRAINT_FF: PUBLIC.TRANSACTION FOREIGN KEY(SENDER_ACCOUNT) REFERENCES PUBLIC.ACCOUNT(ACCOUNTID) (1)"; SQL statement:
delete from account where accountid=? [23503-232]
]]></system-out>
  </testcase>
  <testcase name="employeeCanAccessEmployeeApi" classname="group3.bankingApp.config.SecurityAuthorizationTest" time="0.04">
    <error message="could not execute statement [Referential integrity constraint violation: &quot;CONSTRAINT_FF: PUBLIC.TRANSACTION FOREIGN KEY(SENDER_ACCOUNT) REFERENCES PUBLIC.ACCOUNT(ACCOUNTID) (1)&quot;; SQL statement:&#10;delete from account where accountid=? [23503-232]] [delete from account where accountid=?]; SQL [delete from account where accountid=?]; constraint [CONSTRAINT_FF: PUBLIC.TRANSACTION FOREIGN KEY(SENDER_ACCOUNT) REFERENCES PUBLIC.ACCOUNT(ACCOUNTID) (1); SQL statement:&#10;delete from account where accountid=? [23503-232]]" type="org.springframework.dao.DataIntegrityViolationException"><![CDATA[org.springframework.dao.DataIntegrityViolationException: 
could not execute statement [Referential integrity constraint violation: "CONSTRAINT_FF: PUBLIC.TRANSACTION FOREIGN KEY(SENDER_ACCOUNT) REFERENCES PUBLIC.ACCOUNT(ACCOUNTID) (1)"; SQL statement:
delete from account where accountid=? [23503-232]] [delete from account where accountid=?]; SQL [delete from account where accountid=?]; constraint [CONSTRAINT_FF: PUBLIC.TRANSACTION FOREIGN KEY(SENDER_ACCOUNT) REFERENCES PUBLIC.ACCOUNT(ACCOUNTID) (1); SQL statement:
delete from account where accountid=? [23503-232]]
	at org.springframework.orm.jpa.vendor.HibernateJpaDialect.convertHibernateAccessException(HibernateJpaDialect.java:290)
	at org.springframework.orm.jpa.vendor.HibernateJpaDialect.translateExceptionIfPossible(HibernateJpaDialect.java:241)
	at org.springframework.orm.jpa.JpaTransactionManager.doCommit(JpaTransactionManager.java:566)
	at org.springframework.transaction.support.AbstractPlatformTransactionManager.processCommit(AbstractPlatformTransactionManager.java:795)
	at org.springframework.transaction.support.AbstractPlatformTransactionManager.commit(AbstractPlatformTransactionManager.java:758)
	at org.springframework.transaction.interceptor.TransactionAspectSupport.commitTransactionAfterReturning(TransactionAspectSupport.java:698)
	at org.springframework.transaction.interceptor.TransactionAspectSupport.invokeWithinTransaction(TransactionAspectSupport.java:416)
	at org.springframework.transaction.interceptor.TransactionInterceptor.invoke(TransactionInterceptor.java:119)
	at org.springframework.aop.framework.ReflectiveMethodInvocation.proceed(ReflectiveMethodInvocation.java:184)
	at org.springframework.dao.support.PersistenceExceptionTranslationInterceptor.invoke(PersistenceExceptionTranslationInterceptor.java:138)
	at org.springframework.aop.framework.ReflectiveMethodInvocation.proceed(ReflectiveMethodInvocation.java:184)
	at org.springframework.data.jpa.repository.support.CrudMethodMetadataPostProcessor$CrudMethodMetadataPopulatingMethodInterceptor.invoke(CrudMethodMetadataPostProcessor.java:165)
	at org.springframework.aop.framework.ReflectiveMethodInvocation.proceed(ReflectiveMethodInvocation.java:184)
	at org.springframework.aop.framework.JdkDynamicAopProxy.invoke(JdkDynamicAopProxy.java:223)
	at jdk.proxy2/jdk.proxy2.$Proxy191.deleteAll(Unknown Source)
	at group3.bankingApp.config.SecurityAuthorizationTest.setUp(SecurityAuthorizationTest.java:40)
	at java.base/java.lang.reflect.Method.invoke(Method.java:580)
	at java.base/java.util.ArrayList.forEach(ArrayList.java:1596)
	at java.base/java.util.ArrayList.forEach(ArrayList.java:1596)
Caused by: org.hibernate.exception.ConstraintViolationException: could not execute statement [Referential integrity constraint violation: "CONSTRAINT_FF: PUBLIC.TRANSACTION FOREIGN KEY(SENDER_ACCOUNT) REFERENCES PUBLIC.ACCOUNT(ACCOUNTID) (1)"; SQL statement:
delete from account where accountid=? [23503-232]] [delete from account where accountid=?]
	at org.hibernate.exception.internal.SQLExceptionTypeDelegate.convert(SQLExceptionTypeDelegate.java:62)
	at org.hibernate.exception.internal.StandardSQLExceptionConverter.convert(StandardSQLExceptionConverter.java:58)
	at org.hibernate.engine.jdbc.spi.SqlExceptionHelper.convert(SqlExceptionHelper.java:108)
	at org.hibernate.engine.jdbc.internal.ResultSetReturnImpl.executeUpdate(ResultSetReturnImpl.java:197)
	at org.hibernate.engine.jdbc.mutation.internal.AbstractMutationExecutor.performNonBatchedMutation(AbstractMutationExecutor.java:134)
	at org.hibernate.engine.jdbc.mutation.internal.MutationExecutorSingleNonBatched.performNonBatchedOperations(MutationExecutorSingleNonBatched.java:55)
	at org.hibernate.engine.jdbc.mutation.internal.AbstractMutationExecutor.execute(AbstractMutationExecutor.java:55)
	at org.hibernate.persister.entity.mutation.AbstractDeleteCoordinator.doStaticDelete(AbstractDeleteCoordinator.java:279)
	at org.hibernate.persister.entity.mutation.AbstractDeleteCoordinator.delete(AbstractDeleteCoordinator.java:87)
	at org.hibernate.action.internal.EntityDeleteAction.execute(EntityDeleteAction.java:131)
	at org.hibernate.engine.spi.ActionQueue.executeActions(ActionQueue.java:632)
	at org.hibernate.engine.spi.ActionQueue.executeActions(ActionQueue.java:499)
	at org.hibernate.event.internal.AbstractFlushingEventListener.performExecutions(AbstractFlushingEventListener.java:371)
	at org.hibernate.event.internal.DefaultFlushEventListener.onFlush(DefaultFlushEventListener.java:41)
	at org.hibernate.event.service.internal.EventListenerGroupImpl.fireEventOnEachListener(EventListenerGroupImpl.java:127)
	at org.hibernate.internal.SessionImpl.doFlush(SessionImpl.java:1425)
	at org.hibernate.internal.SessionImpl.managedFlush(SessionImpl.java:487)
	at org.hibernate.internal.SessionImpl.flushBeforeTransactionCompletion(SessionImpl.java:2324)
	at org.hibernate.internal.SessionImpl.beforeTransactionCompletion(SessionImpl.java:1981)
	at org.hibernate.engine.jdbc.internal.JdbcCoordinatorImpl.beforeTransactionCompletion(JdbcCoordinatorImpl.java:439)
	at org.hibernate.resource.transaction.backend.jdbc.internal.JdbcResourceLocalTransactionCoordinatorImpl.beforeCompletionCallback(JdbcResourceLocalTransactionCoordinatorImpl.java:169)
	at org.hibernate.resource.transaction.backend.jdbc.internal.JdbcResourceLocalTransactionCoordinatorImpl$TransactionDriverControlImpl.commit(JdbcResourceLocalTransactionCoordinatorImpl.java:267)
	at org.hibernate.engine.transaction.internal.TransactionImpl.commit(TransactionImpl.java:101)
	at org.springframework.orm.jpa.JpaTransactionManager.doCommit(JpaTransactionManager.java:562)
	... 16 more
Caused by: org.h2.jdbc.JdbcSQLIntegrityConstraintViolationException: Referential integrity constraint violation: "CONSTRAINT_FF: PUBLIC.TRANSACTION FOREIGN KEY(SENDER_ACCOUNT) REFERENCES PUBLIC.ACCOUNT(ACCOUNTID) (1)"; SQL statement:
delete from account where accountid=? [23503-232]
	at org.h2.message.DbException.getJdbcSQLException(DbException.java:520)
	at org.h2.message.DbException.getJdbcSQLException(DbException.java:489)
	at org.h2.message.DbException.get(DbException.java:223)
	at org.h2.message.DbException.get(DbException.java:199)
	at org.h2.constraint.ConstraintReferential.checkRow(ConstraintReferential.java:362)
	at org.h2.constraint.ConstraintReferential.checkRowRefTable(ConstraintReferential.java:379)
	at org.h2.constraint.ConstraintReferential.checkRow(ConstraintReferential.java:253)
	at org.h2.table.Table.fireConstraints(Table.java:1227)
	at org.h2.table.Table.fireAfterRow(Table.java:1245)
	at org.h2.command.dml.Delete.update(Delete.java:92)
	at org.h2.command.dml.DataChangeStatement.update(DataChangeStatement.java:74)
	at org.h2.command.CommandContainer.update(CommandContainer.java:139)
	at org.h2.command.Command.executeUpdate(Command.java:304)
	at org.h2.command.Command.executeUpdate(Command.java:248)
	at org.h2.jdbc.JdbcPreparedStatement.executeUpdateInternal(JdbcPreparedStatement.java:213)
	at org.h2.jdbc.JdbcPreparedStatement.executeUpdate(JdbcPreparedStatement.java:172)
	at com.zaxxer.hikari.pool.ProxyPreparedStatement.executeUpdate(ProxyPreparedStatement.java:61)
	at com.zaxxer.hikari.pool.HikariProxyPreparedStatement.executeUpdate(HikariProxyPreparedStatement.java)
	at org.hibernate.engine.jdbc.internal.ResultSetReturnImpl.executeUpdate(ResultSetReturnImpl.java:194)
	... 36 more
]]></error>
    <system-out><![CDATA[Hibernate: 
    select
        a1_0.accountid,
        a1_0.iban,
        a1_0.absolute_limit,
        a1_0.account_type,
        a1_0.balance,
        a1_0.daily_limit,
        a1_0.userid,
        a1_0.verify_account 
    from
        account a1_0
Hibernate: 
    delete 
    from
        account 
    where
        accountid=?
2025-06-11T22:21:31.621+02:00  WARN 2516 --- [bankingApp] [           main] o.h.engine.jdbc.spi.SqlExceptionHelper   : SQL Error: 23503, SQLState: 23503
2025-06-11T22:21:31.622+02:00 ERROR 2516 --- [bankingApp] [           main] o.h.engine.jdbc.spi.SqlExceptionHelper   : Referential integrity constraint violation: "CONSTRAINT_FF: PUBLIC.TRANSACTION FOREIGN KEY(SENDER_ACCOUNT) REFERENCES PUBLIC.ACCOUNT(ACCOUNTID) (1)"; SQL statement:
delete from account where accountid=? [23503-232]
]]></system-out>
  </testcase>
  <testcase name="employeeCannotAccessCustomerTransactionApi" classname="group3.bankingApp.config.SecurityAuthorizationTest" time="0.035">
    <error message="could not execute statement [Referential integrity constraint violation: &quot;CONSTRAINT_FF: PUBLIC.TRANSACTION FOREIGN KEY(SENDER_ACCOUNT) REFERENCES PUBLIC.ACCOUNT(ACCOUNTID) (1)&quot;; SQL statement:&#10;delete from account where accountid=? [23503-232]] [delete from account where accountid=?]; SQL [delete from account where accountid=?]; constraint [CONSTRAINT_FF: PUBLIC.TRANSACTION FOREIGN KEY(SENDER_ACCOUNT) REFERENCES PUBLIC.ACCOUNT(ACCOUNTID) (1); SQL statement:&#10;delete from account where accountid=? [23503-232]]" type="org.springframework.dao.DataIntegrityViolationException"><![CDATA[org.springframework.dao.DataIntegrityViolationException: 
could not execute statement [Referential integrity constraint violation: "CONSTRAINT_FF: PUBLIC.TRANSACTION FOREIGN KEY(SENDER_ACCOUNT) REFERENCES PUBLIC.ACCOUNT(ACCOUNTID) (1)"; SQL statement:
delete from account where accountid=? [23503-232]] [delete from account where accountid=?]; SQL [delete from account where accountid=?]; constraint [CONSTRAINT_FF: PUBLIC.TRANSACTION FOREIGN KEY(SENDER_ACCOUNT) REFERENCES PUBLIC.ACCOUNT(ACCOUNTID) (1); SQL statement:
delete from account where accountid=? [23503-232]]
	at org.springframework.orm.jpa.vendor.HibernateJpaDialect.convertHibernateAccessException(HibernateJpaDialect.java:290)
	at org.springframework.orm.jpa.vendor.HibernateJpaDialect.translateExceptionIfPossible(HibernateJpaDialect.java:241)
	at org.springframework.orm.jpa.JpaTransactionManager.doCommit(JpaTransactionManager.java:566)
	at org.springframework.transaction.support.AbstractPlatformTransactionManager.processCommit(AbstractPlatformTransactionManager.java:795)
	at org.springframework.transaction.support.AbstractPlatformTransactionManager.commit(AbstractPlatformTransactionManager.java:758)
	at org.springframework.transaction.interceptor.TransactionAspectSupport.commitTransactionAfterReturning(TransactionAspectSupport.java:698)
	at org.springframework.transaction.interceptor.TransactionAspectSupport.invokeWithinTransaction(TransactionAspectSupport.java:416)
	at org.springframework.transaction.interceptor.TransactionInterceptor.invoke(TransactionInterceptor.java:119)
	at org.springframework.aop.framework.ReflectiveMethodInvocation.proceed(ReflectiveMethodInvocation.java:184)
	at org.springframework.dao.support.PersistenceExceptionTranslationInterceptor.invoke(PersistenceExceptionTranslationInterceptor.java:138)
	at org.springframework.aop.framework.ReflectiveMethodInvocation.proceed(ReflectiveMethodInvocation.java:184)
	at org.springframework.data.jpa.repository.support.CrudMethodMetadataPostProcessor$CrudMethodMetadataPopulatingMethodInterceptor.invoke(CrudMethodMetadataPostProcessor.java:165)
	at org.springframework.aop.framework.ReflectiveMethodInvocation.proceed(ReflectiveMethodInvocation.java:184)
	at org.springframework.aop.framework.JdkDynamicAopProxy.invoke(JdkDynamicAopProxy.java:223)
	at jdk.proxy2/jdk.proxy2.$Proxy191.deleteAll(Unknown Source)
	at group3.bankingApp.config.SecurityAuthorizationTest.setUp(SecurityAuthorizationTest.java:40)
	at java.base/java.lang.reflect.Method.invoke(Method.java:580)
	at java.base/java.util.ArrayList.forEach(ArrayList.java:1596)
	at java.base/java.util.ArrayList.forEach(ArrayList.java:1596)
Caused by: org.hibernate.exception.ConstraintViolationException: could not execute statement [Referential integrity constraint violation: "CONSTRAINT_FF: PUBLIC.TRANSACTION FOREIGN KEY(SENDER_ACCOUNT) REFERENCES PUBLIC.ACCOUNT(ACCOUNTID) (1)"; SQL statement:
delete from account where accountid=? [23503-232]] [delete from account where accountid=?]
	at org.hibernate.exception.internal.SQLExceptionTypeDelegate.convert(SQLExceptionTypeDelegate.java:62)
	at org.hibernate.exception.internal.StandardSQLExceptionConverter.convert(StandardSQLExceptionConverter.java:58)
	at org.hibernate.engine.jdbc.spi.SqlExceptionHelper.convert(SqlExceptionHelper.java:108)
	at org.hibernate.engine.jdbc.internal.ResultSetReturnImpl.executeUpdate(ResultSetReturnImpl.java:197)
	at org.hibernate.engine.jdbc.mutation.internal.AbstractMutationExecutor.performNonBatchedMutation(AbstractMutationExecutor.java:134)
	at org.hibernate.engine.jdbc.mutation.internal.MutationExecutorSingleNonBatched.performNonBatchedOperations(MutationExecutorSingleNonBatched.java:55)
	at org.hibernate.engine.jdbc.mutation.internal.AbstractMutationExecutor.execute(AbstractMutationExecutor.java:55)
	at org.hibernate.persister.entity.mutation.AbstractDeleteCoordinator.doStaticDelete(AbstractDeleteCoordinator.java:279)
	at org.hibernate.persister.entity.mutation.AbstractDeleteCoordinator.delete(AbstractDeleteCoordinator.java:87)
	at org.hibernate.action.internal.EntityDeleteAction.execute(EntityDeleteAction.java:131)
	at org.hibernate.engine.spi.ActionQueue.executeActions(ActionQueue.java:632)
	at org.hibernate.engine.spi.ActionQueue.executeActions(ActionQueue.java:499)
	at org.hibernate.event.internal.AbstractFlushingEventListener.performExecutions(AbstractFlushingEventListener.java:371)
	at org.hibernate.event.internal.DefaultFlushEventListener.onFlush(DefaultFlushEventListener.java:41)
	at org.hibernate.event.service.internal.EventListenerGroupImpl.fireEventOnEachListener(EventListenerGroupImpl.java:127)
	at org.hibernate.internal.SessionImpl.doFlush(SessionImpl.java:1425)
	at org.hibernate.internal.SessionImpl.managedFlush(SessionImpl.java:487)
	at org.hibernate.internal.SessionImpl.flushBeforeTransactionCompletion(SessionImpl.java:2324)
	at org.hibernate.internal.SessionImpl.beforeTransactionCompletion(SessionImpl.java:1981)
	at org.hibernate.engine.jdbc.internal.JdbcCoordinatorImpl.beforeTransactionCompletion(JdbcCoordinatorImpl.java:439)
	at org.hibernate.resource.transaction.backend.jdbc.internal.JdbcResourceLocalTransactionCoordinatorImpl.beforeCompletionCallback(JdbcResourceLocalTransactionCoordinatorImpl.java:169)
	at org.hibernate.resource.transaction.backend.jdbc.internal.JdbcResourceLocalTransactionCoordinatorImpl$TransactionDriverControlImpl.commit(JdbcResourceLocalTransactionCoordinatorImpl.java:267)
	at org.hibernate.engine.transaction.internal.TransactionImpl.commit(TransactionImpl.java:101)
	at org.springframework.orm.jpa.JpaTransactionManager.doCommit(JpaTransactionManager.java:562)
	... 16 more
Caused by: org.h2.jdbc.JdbcSQLIntegrityConstraintViolationException: Referential integrity constraint violation: "CONSTRAINT_FF: PUBLIC.TRANSACTION FOREIGN KEY(SENDER_ACCOUNT) REFERENCES PUBLIC.ACCOUNT(ACCOUNTID) (1)"; SQL statement:
delete from account where accountid=? [23503-232]
	at org.h2.message.DbException.getJdbcSQLException(DbException.java:520)
	at org.h2.message.DbException.getJdbcSQLException(DbException.java:489)
	at org.h2.message.DbException.get(DbException.java:223)
	at org.h2.message.DbException.get(DbException.java:199)
	at org.h2.constraint.ConstraintReferential.checkRow(ConstraintReferential.java:362)
	at org.h2.constraint.ConstraintReferential.checkRowRefTable(ConstraintReferential.java:379)
	at org.h2.constraint.ConstraintReferential.checkRow(ConstraintReferential.java:253)
	at org.h2.table.Table.fireConstraints(Table.java:1227)
	at org.h2.table.Table.fireAfterRow(Table.java:1245)
	at org.h2.command.dml.Delete.update(Delete.java:92)
	at org.h2.command.dml.DataChangeStatement.update(DataChangeStatement.java:74)
	at org.h2.command.CommandContainer.update(CommandContainer.java:139)
	at org.h2.command.Command.executeUpdate(Command.java:304)
	at org.h2.command.Command.executeUpdate(Command.java:248)
	at org.h2.jdbc.JdbcPreparedStatement.executeUpdateInternal(JdbcPreparedStatement.java:213)
	at org.h2.jdbc.JdbcPreparedStatement.executeUpdate(JdbcPreparedStatement.java:172)
	at com.zaxxer.hikari.pool.ProxyPreparedStatement.executeUpdate(ProxyPreparedStatement.java:61)
	at com.zaxxer.hikari.pool.HikariProxyPreparedStatement.executeUpdate(HikariProxyPreparedStatement.java)
	at org.hibernate.engine.jdbc.internal.ResultSetReturnImpl.executeUpdate(ResultSetReturnImpl.java:194)
	... 36 more
]]></error>
    <system-out><![CDATA[Hibernate: 
    select
        a1_0.accountid,
        a1_0.iban,
        a1_0.absolute_limit,
        a1_0.account_type,
        a1_0.balance,
        a1_0.daily_limit,
        a1_0.userid,
        a1_0.verify_account 
    from
        account a1_0
Hibernate: 
    delete 
    from
        account 
    where
        accountid=?
2025-06-11T22:21:31.660+02:00  WARN 2516 --- [bankingApp] [           main] o.h.engine.jdbc.spi.SqlExceptionHelper   : SQL Error: 23503, SQLState: 23503
2025-06-11T22:21:31.661+02:00 ERROR 2516 --- [bankingApp] [           main] o.h.engine.jdbc.spi.SqlExceptionHelper   : Referential integrity constraint violation: "CONSTRAINT_FF: PUBLIC.TRANSACTION FOREIGN KEY(SENDER_ACCOUNT) REFERENCES PUBLIC.ACCOUNT(ACCOUNTID) (1)"; SQL statement:
delete from account where accountid=? [23503-232]
]]></system-out>
  </testcase>
  <testcase name="customerCannotAccessEmployeeApi" classname="group3.bankingApp.config.SecurityAuthorizationTest" time="0.049">
    <error message="could not execute statement [Referential integrity constraint violation: &quot;CONSTRAINT_FF: PUBLIC.TRANSACTION FOREIGN KEY(SENDER_ACCOUNT) REFERENCES PUBLIC.ACCOUNT(ACCOUNTID) (1)&quot;; SQL statement:&#10;delete from account where accountid=? [23503-232]] [delete from account where accountid=?]; SQL [delete from account where accountid=?]; constraint [CONSTRAINT_FF: PUBLIC.TRANSACTION FOREIGN KEY(SENDER_ACCOUNT) REFERENCES PUBLIC.ACCOUNT(ACCOUNTID) (1); SQL statement:&#10;delete from account where accountid=? [23503-232]]" type="org.springframework.dao.DataIntegrityViolationException"><![CDATA[org.springframework.dao.DataIntegrityViolationException: 
could not execute statement [Referential integrity constraint violation: "CONSTRAINT_FF: PUBLIC.TRANSACTION FOREIGN KEY(SENDER_ACCOUNT) REFERENCES PUBLIC.ACCOUNT(ACCOUNTID) (1)"; SQL statement:
delete from account where accountid=? [23503-232]] [delete from account where accountid=?]; SQL [delete from account where accountid=?]; constraint [CONSTRAINT_FF: PUBLIC.TRANSACTION FOREIGN KEY(SENDER_ACCOUNT) REFERENCES PUBLIC.ACCOUNT(ACCOUNTID) (1); SQL statement:
delete from account where accountid=? [23503-232]]
	at org.springframework.orm.jpa.vendor.HibernateJpaDialect.convertHibernateAccessException(HibernateJpaDialect.java:290)
	at org.springframework.orm.jpa.vendor.HibernateJpaDialect.translateExceptionIfPossible(HibernateJpaDialect.java:241)
	at org.springframework.orm.jpa.JpaTransactionManager.doCommit(JpaTransactionManager.java:566)
	at org.springframework.transaction.support.AbstractPlatformTransactionManager.processCommit(AbstractPlatformTransactionManager.java:795)
	at org.springframework.transaction.support.AbstractPlatformTransactionManager.commit(AbstractPlatformTransactionManager.java:758)
	at org.springframework.transaction.interceptor.TransactionAspectSupport.commitTransactionAfterReturning(TransactionAspectSupport.java:698)
	at org.springframework.transaction.interceptor.TransactionAspectSupport.invokeWithinTransaction(TransactionAspectSupport.java:416)
	at org.springframework.transaction.interceptor.TransactionInterceptor.invoke(TransactionInterceptor.java:119)
	at org.springframework.aop.framework.ReflectiveMethodInvocation.proceed(ReflectiveMethodInvocation.java:184)
	at org.springframework.dao.support.PersistenceExceptionTranslationInterceptor.invoke(PersistenceExceptionTranslationInterceptor.java:138)
	at org.springframework.aop.framework.ReflectiveMethodInvocation.proceed(ReflectiveMethodInvocation.java:184)
	at org.springframework.data.jpa.repository.support.CrudMethodMetadataPostProcessor$CrudMethodMetadataPopulatingMethodInterceptor.invoke(CrudMethodMetadataPostProcessor.java:165)
	at org.springframework.aop.framework.ReflectiveMethodInvocation.proceed(ReflectiveMethodInvocation.java:184)
	at org.springframework.aop.framework.JdkDynamicAopProxy.invoke(JdkDynamicAopProxy.java:223)
	at jdk.proxy2/jdk.proxy2.$Proxy191.deleteAll(Unknown Source)
	at group3.bankingApp.config.SecurityAuthorizationTest.setUp(SecurityAuthorizationTest.java:40)
	at java.base/java.lang.reflect.Method.invoke(Method.java:580)
	at java.base/java.util.ArrayList.forEach(ArrayList.java:1596)
	at java.base/java.util.ArrayList.forEach(ArrayList.java:1596)
Caused by: org.hibernate.exception.ConstraintViolationException: could not execute statement [Referential integrity constraint violation: "CONSTRAINT_FF: PUBLIC.TRANSACTION FOREIGN KEY(SENDER_ACCOUNT) REFERENCES PUBLIC.ACCOUNT(ACCOUNTID) (1)"; SQL statement:
delete from account where accountid=? [23503-232]] [delete from account where accountid=?]
	at org.hibernate.exception.internal.SQLExceptionTypeDelegate.convert(SQLExceptionTypeDelegate.java:62)
	at org.hibernate.exception.internal.StandardSQLExceptionConverter.convert(StandardSQLExceptionConverter.java:58)
	at org.hibernate.engine.jdbc.spi.SqlExceptionHelper.convert(SqlExceptionHelper.java:108)
	at org.hibernate.engine.jdbc.internal.ResultSetReturnImpl.executeUpdate(ResultSetReturnImpl.java:197)
	at org.hibernate.engine.jdbc.mutation.internal.AbstractMutationExecutor.performNonBatchedMutation(AbstractMutationExecutor.java:134)
	at org.hibernate.engine.jdbc.mutation.internal.MutationExecutorSingleNonBatched.performNonBatchedOperations(MutationExecutorSingleNonBatched.java:55)
	at org.hibernate.engine.jdbc.mutation.internal.AbstractMutationExecutor.execute(AbstractMutationExecutor.java:55)
	at org.hibernate.persister.entity.mutation.AbstractDeleteCoordinator.doStaticDelete(AbstractDeleteCoordinator.java:279)
	at org.hibernate.persister.entity.mutation.AbstractDeleteCoordinator.delete(AbstractDeleteCoordinator.java:87)
	at org.hibernate.action.internal.EntityDeleteAction.execute(EntityDeleteAction.java:131)
	at org.hibernate.engine.spi.ActionQueue.executeActions(ActionQueue.java:632)
	at org.hibernate.engine.spi.ActionQueue.executeActions(ActionQueue.java:499)
	at org.hibernate.event.internal.AbstractFlushingEventListener.performExecutions(AbstractFlushingEventListener.java:371)
	at org.hibernate.event.internal.DefaultFlushEventListener.onFlush(DefaultFlushEventListener.java:41)
	at org.hibernate.event.service.internal.EventListenerGroupImpl.fireEventOnEachListener(EventListenerGroupImpl.java:127)
	at org.hibernate.internal.SessionImpl.doFlush(SessionImpl.java:1425)
	at org.hibernate.internal.SessionImpl.managedFlush(SessionImpl.java:487)
	at org.hibernate.internal.SessionImpl.flushBeforeTransactionCompletion(SessionImpl.java:2324)
	at org.hibernate.internal.SessionImpl.beforeTransactionCompletion(SessionImpl.java:1981)
	at org.hibernate.engine.jdbc.internal.JdbcCoordinatorImpl.beforeTransactionCompletion(JdbcCoordinatorImpl.java:439)
	at org.hibernate.resource.transaction.backend.jdbc.internal.JdbcResourceLocalTransactionCoordinatorImpl.beforeCompletionCallback(JdbcResourceLocalTransactionCoordinatorImpl.java:169)
	at org.hibernate.resource.transaction.backend.jdbc.internal.JdbcResourceLocalTransactionCoordinatorImpl$TransactionDriverControlImpl.commit(JdbcResourceLocalTransactionCoordinatorImpl.java:267)
	at org.hibernate.engine.transaction.internal.TransactionImpl.commit(TransactionImpl.java:101)
	at org.springframework.orm.jpa.JpaTransactionManager.doCommit(JpaTransactionManager.java:562)
	... 16 more
Caused by: org.h2.jdbc.JdbcSQLIntegrityConstraintViolationException: Referential integrity constraint violation: "CONSTRAINT_FF: PUBLIC.TRANSACTION FOREIGN KEY(SENDER_ACCOUNT) REFERENCES PUBLIC.ACCOUNT(ACCOUNTID) (1)"; SQL statement:
delete from account where accountid=? [23503-232]
	at org.h2.message.DbException.getJdbcSQLException(DbException.java:520)
	at org.h2.message.DbException.getJdbcSQLException(DbException.java:489)
	at org.h2.message.DbException.get(DbException.java:223)
	at org.h2.message.DbException.get(DbException.java:199)
	at org.h2.constraint.ConstraintReferential.checkRow(ConstraintReferential.java:362)
	at org.h2.constraint.ConstraintReferential.checkRowRefTable(ConstraintReferential.java:379)
	at org.h2.constraint.ConstraintReferential.checkRow(ConstraintReferential.java:253)
	at org.h2.table.Table.fireConstraints(Table.java:1227)
	at org.h2.table.Table.fireAfterRow(Table.java:1245)
	at org.h2.command.dml.Delete.update(Delete.java:92)
	at org.h2.command.dml.DataChangeStatement.update(DataChangeStatement.java:74)
	at org.h2.command.CommandContainer.update(CommandContainer.java:139)
	at org.h2.command.Command.executeUpdate(Command.java:304)
	at org.h2.command.Command.executeUpdate(Command.java:248)
	at org.h2.jdbc.JdbcPreparedStatement.executeUpdateInternal(JdbcPreparedStatement.java:213)
	at org.h2.jdbc.JdbcPreparedStatement.executeUpdate(JdbcPreparedStatement.java:172)
	at com.zaxxer.hikari.pool.ProxyPreparedStatement.executeUpdate(ProxyPreparedStatement.java:61)
	at com.zaxxer.hikari.pool.HikariProxyPreparedStatement.executeUpdate(HikariProxyPreparedStatement.java)
	at org.hibernate.engine.jdbc.internal.ResultSetReturnImpl.executeUpdate(ResultSetReturnImpl.java:194)
	... 36 more
]]></error>
    <system-out><![CDATA[Hibernate: 
    select
        a1_0.accountid,
        a1_0.iban,
        a1_0.absolute_limit,
        a1_0.account_type,
        a1_0.balance,
        a1_0.daily_limit,
        a1_0.userid,
        a1_0.verify_account 
    from
        account a1_0
Hibernate: 
    delete 
    from
        account 
    where
        accountid=?
2025-06-11T22:21:31.712+02:00  WARN 2516 --- [bankingApp] [           main] o.h.engine.jdbc.spi.SqlExceptionHelper   : SQL Error: 23503, SQLState: 23503
2025-06-11T22:21:31.714+02:00 ERROR 2516 --- [bankingApp] [           main] o.h.engine.jdbc.spi.SqlExceptionHelper   : Referential integrity constraint violation: "CONSTRAINT_FF: PUBLIC.TRANSACTION FOREIGN KEY(SENDER_ACCOUNT) REFERENCES PUBLIC.ACCOUNT(ACCOUNTID) (1)"; SQL statement:
delete from account where accountid=? [23503-232]
]]></system-out>
  </testcase>
</testsuite>