<?xml version="1.0" encoding="UTF-8"?>
<testsuite xmlns:xsi="http://www.w3.org/2001/XMLSchema-instance" xsi:noNamespaceSchemaLocation="https://maven.apache.org/surefire/maven-surefire-plugin/xsd/surefire-test-report.xsd" version="3.0.2" name="group3.bankingApp.config.SecurityAuthorizationTest" time="3.919" tests="5" errors="0" skipped="0" failures="0">
  <properties>
[...]
</properties>
  <testcase name="publicCanAccessRegister" classname="group3.bankingApp.config.SecurityAuthorizationTest" time="0.973">
    <system-out><![CDATA[2025-06-13T12:15:31.755+02:00  INFO 12697 --- [bankingApp] [           main] t.c.s.AnnotationConfigContextLoaderUtils : Could not detect default configuration classes for test class [group3.bankingApp.config.SecurityAuthorizationTest]: SecurityAuthorizationTest does not declare any static, non-private, non-final, nested classes annotated with @Configuration.
2025-06-13T12:15:31.822+02:00  INFO 12697 --- [bankingApp] [           main] .b.t.c.SpringBootTestContextBootstrapper : Found @SpringBootConfiguration group3.bankingApp.BankingAppApplication for test class group3.bankingApp.config.SecurityAuthorizationTest

  .   ____          _            __ _ _
 /\\ / ___'_ __ _ _(_)_ __  __ _ \ \ \ \
( ( )\___ | '_ | '_| | '_ \/ _` | \ \ \ \
 \\/  ___)| |_)| | | | | || (_| |  ) ) ) )
  '  |____| .__|_| |_|_| |_\__, | / / / /
 =========|_|==============|___/=/_/_/_/

 :: Spring Boot ::                (v3.4.4)

2025-06-13T12:15:31.877+02:00  INFO 12697 --- [bankingApp] [           main] g.b.config.SecurityAuthorizationTest     : Starting SecurityAuthorizationTest using Java 21.0.7 with PID 12697 (started by sietse in /media/sietse/Data/InHolland/year-2/term4/Banking-Project/Back-End)
2025-06-13T12:15:31.878+02:00  INFO 12697 --- [bankingApp] [           main] g.b.config.SecurityAuthorizationTest     : No active profile set, falling back to 1 default profile: "default"
2025-06-13T12:15:32.423+02:00  INFO 12697 --- [bankingApp] [           main] .s.d.r.c.RepositoryConfigurationDelegate : Bootstrapping Spring Data JPA repositories in DEFAULT mode.
2025-06-13T12:15:32.478+02:00  INFO 12697 --- [bankingApp] [           main] .s.d.r.c.RepositoryConfigurationDelegate : Finished Spring Data repository scanning in 53 ms. Found 3 JPA repository interfaces.
2025-06-13T12:15:32.680+02:00  INFO 12697 --- [bankingApp] [           main] com.zaxxer.hikari.HikariDataSource       : HikariPool-2 - Starting...
2025-06-13T12:15:32.686+02:00  INFO 12697 --- [bankingApp] [           main] com.zaxxer.hikari.pool.HikariPool        : HikariPool-2 - Added connection conn10: url=jdbc:h2:mem:db user=ADMIN
2025-06-13T12:15:32.686+02:00  INFO 12697 --- [bankingApp] [           main] com.zaxxer.hikari.HikariDataSource       : HikariPool-2 - Start completed.
2025-06-13T12:15:32.690+02:00  INFO 12697 --- [bankingApp] [           main] org.flywaydb.core.FlywayExecutor         : Database: jdbc:h2:mem:db (H2 2.3)
2025-06-13T12:15:32.692+02:00  WARN 12697 --- [bankingApp] [           main] o.f.c.internal.database.base.Database    : Flyway upgrade recommended: H2 2.3.232 is newer than this version of Flyway and support has not been tested. The latest supported version of H2 is 2.2.224.
2025-06-13T12:15:32.714+02:00  INFO 12697 --- [bankingApp] [           main] o.f.core.internal.command.DbValidate     : Successfully validated 9 migrations (execution time 00:00.019s)
2025-06-13T12:15:32.720+02:00  INFO 12697 --- [bankingApp] [           main] o.f.core.internal.command.DbMigrate      : Current version of schema "PUBLIC": 16
2025-06-13T12:15:32.721+02:00  INFO 12697 --- [bankingApp] [           main] o.f.core.internal.command.DbMigrate      : Schema "PUBLIC" is up to date. No migration necessary.
2025-06-13T12:15:32.763+02:00  INFO 12697 --- [bankingApp] [           main] o.hibernate.jpa.internal.util.LogHelper  : HHH000204: Processing PersistenceUnitInfo [name: default]
2025-06-13T12:15:32.776+02:00  INFO 12697 --- [bankingApp] [           main] o.h.c.internal.RegionFactoryInitiator    : HHH000026: Second-level cache disabled
2025-06-13T12:15:32.802+02:00  INFO 12697 --- [bankingApp] [           main] o.s.o.j.p.SpringPersistenceUnitInfo      : No LoadTimeWeaver setup: ignoring JPA class transformer
2025-06-13T12:15:32.986+02:00  INFO 12697 --- [bankingApp] [           main] o.h.e.t.j.p.i.JtaPlatformInitiator       : HHH000489: No JTA platform available (set 'hibernate.transaction.jta.platform' to enable JTA platform integration)
2025-06-13T12:15:32.986+02:00  INFO 12697 --- [bankingApp] [           main] j.LocalContainerEntityManagerFactoryBean : Initialized JPA EntityManagerFactory for persistence unit 'default'
2025-06-13T12:15:33.232+02:00  WARN 12697 --- [bankingApp] [           main] JpaBaseConfiguration$JpaWebConfiguration : spring.jpa.open-in-view is enabled by default. Therefore, database queries may be performed during view rendering. Explicitly configure spring.jpa.open-in-view to disable this warning
2025-06-13T12:15:33.251+02:00  INFO 12697 --- [bankingApp] [           main] r$InitializeUserDetailsManagerConfigurer : Global AuthenticationManager configured with UserDetailsService bean with name customUserDetailsService
2025-06-13T12:15:33.633+02:00  INFO 12697 --- [bankingApp] [           main] o.s.b.a.h2.H2ConsoleAutoConfiguration    : H2 console available at '/h2-console'. Database available at 'jdbc:h2:mem:db'
2025-06-13T12:15:33.778+02:00  INFO 12697 --- [bankingApp] [           main] o.s.b.t.m.w.SpringBootMockServletContext : Initializing Spring TestDispatcherServlet ''
2025-06-13T12:15:33.778+02:00  INFO 12697 --- [bankingApp] [           main] o.s.t.web.servlet.TestDispatcherServlet  : Initializing Servlet ''
2025-06-13T12:15:33.780+02:00  INFO 12697 --- [bankingApp] [           main] o.s.t.web.servlet.TestDispatcherServlet  : Completed initialization in 2 ms
2025-06-13T12:15:33.801+02:00  INFO 12697 --- [bankingApp] [           main] g.b.config.SecurityAuthorizationTest     : Started SecurityAuthorizationTest in 1.972 seconds (process running for 18.875)
Hibernate: 
    select
        u1_0.userid,
        u1_0.bsn,
        u1_0.email,
        u1_0.password,
        u1_0.phonenumber,
        u1_0.role,
        u1_0.username,
        u1_0.verify_user 
    from
        users u1_0 
    where
        u1_0.username=?
Hibernate: 
    insert 
    into
        users
        (bsn, email, password, phonenumber, role, username, verify_user, userid) 
    values
        (?, ?, ?, ?, ?, ?, ?, default)
Hibernate: 
    select
        u1_0.userid,
        u1_0.bsn,
        u1_0.email,
        u1_0.password,
        u1_0.phonenumber,
        u1_0.role,
        u1_0.username,
        u1_0.verify_user 
    from
        users u1_0 
    where
        u1_0.username=?
Hibernate: 
    insert 
    into
        users
        (bsn, email, password, phonenumber, role, username, verify_user, userid) 
    values
        (?, ?, ?, ?, ?, ?, ?, default)
2025-06-13T12:15:34.319+02:00  INFO 12697 --- [bankingApp] [           main] g.bankingApp.security.JwtTokenFilter     : request url:/api/user/auth/login
2025-06-13T12:15:34.323+02:00  INFO 12697 --- [bankingApp] [           main] g.bankingApp.security.JwtTokenFilter     : request url:/api/user/auth/login
Login attempt for username: 'employee1'
Hibernate: 
    select
        u1_0.userid,
        u1_0.bsn,
        u1_0.email,
        u1_0.password,
        u1_0.phonenumber,
        u1_0.role,
        u1_0.username,
        u1_0.verify_user 
    from
        users u1_0 
    where
        u1_0.username=?
Found user: employee1
VerifyStatus: ACTIVE
[INFO] Token generated successfully for: employee1
2025-06-13T12:15:34.580+02:00  INFO 12697 --- [bankingApp] [           main] g.bankingApp.security.JwtTokenFilter     : request url:/api/user/auth/login
2025-06-13T12:15:34.581+02:00  INFO 12697 --- [bankingApp] [           main] g.bankingApp.security.JwtTokenFilter     : request url:/api/user/auth/login
Login attempt for username: 'customer1'
Hibernate: 
    select
        u1_0.userid,
        u1_0.bsn,
        u1_0.email,
        u1_0.password,
        u1_0.phonenumber,
        u1_0.role,
        u1_0.username,
        u1_0.verify_user 
    from
        users u1_0 
    where
        u1_0.username=?
Found user: customer1
VerifyStatus: ACTIVE
[INFO] Token generated successfully for: customer1
2025-06-13T12:15:34.667+02:00  INFO 12697 --- [bankingApp] [           main] g.bankingApp.security.JwtTokenFilter     : request url:/api/user/auth/register
2025-06-13T12:15:34.667+02:00  INFO 12697 --- [bankingApp] [           main] g.bankingApp.security.JwtTokenFilter     : request url:/api/user/auth/register
Hibernate: 
    select
        u1_0.userid,
        u1_0.bsn,
        u1_0.email,
        u1_0.password,
        u1_0.phonenumber,
        u1_0.role,
        u1_0.username,
        u1_0.verify_user 
    from
        users u1_0 
    where
        u1_0.username=?
Hibernate: 
    select
        u1_0.userid,
        u1_0.bsn,
        u1_0.email,
        u1_0.password,
        u1_0.phonenumber,
        u1_0.role,
        u1_0.username,
        u1_0.verify_user 
    from
        users u1_0 
    where
        u1_0.email=?
Hibernate: 
    select
        u1_0.userid,
        u1_0.bsn,
        u1_0.email,
        u1_0.password,
        u1_0.phonenumber,
        u1_0.role,
        u1_0.username,
        u1_0.verify_user 
    from
        users u1_0 
    where
        u1_0.bsn=?
Hibernate: 
    insert 
    into
        users
        (bsn, email, password, phonenumber, role, username, verify_user, userid) 
    values
        (?, ?, ?, ?, ?, ?, ?, default)
]]></system-out>
  </testcase>
  <testcase name="customerCanAccessCustomerTransactionApi" classname="group3.bankingApp.config.SecurityAuthorizationTest" time="0.256">
    <system-out><![CDATA[Hibernate: 
    select
        u1_0.userid,
        u1_0.bsn,
        u1_0.email,
        u1_0.password,
        u1_0.phonenumber,
        u1_0.role,
        u1_0.username,
        u1_0.verify_user 
    from
        users u1_0 
    where
        u1_0.username=?
Hibernate: 
    select
        u1_0.userid,
        u1_0.bsn,
        u1_0.email,
        u1_0.password,
        u1_0.phonenumber,
        u1_0.role,
        u1_0.username,
        u1_0.verify_user 
    from
        users u1_0 
    where
        u1_0.username=?
2025-06-13T12:15:34.785+02:00  INFO 12697 --- [bankingApp] [           main] g.bankingApp.security.JwtTokenFilter     : request url:/api/user/auth/login
2025-06-13T12:15:34.785+02:00  INFO 12697 --- [bankingApp] [           main] g.bankingApp.security.JwtTokenFilter     : request url:/api/user/auth/login
Login attempt for username: 'employee1'
Hibernate: 
    select
        u1_0.userid,
        u1_0.bsn,
        u1_0.email,
        u1_0.password,
        u1_0.phonenumber,
        u1_0.role,
        u1_0.username,
        u1_0.verify_user 
    from
        users u1_0 
    where
        u1_0.username=?
Found user: employee1
VerifyStatus: ACTIVE
[INFO] Token generated successfully for: employee1
2025-06-13T12:15:34.870+02:00  INFO 12697 --- [bankingApp] [           main] g.bankingApp.security.JwtTokenFilter     : request url:/api/user/auth/login
2025-06-13T12:15:34.870+02:00  INFO 12697 --- [bankingApp] [           main] g.bankingApp.security.JwtTokenFilter     : request url:/api/user/auth/login
Login attempt for username: 'customer1'
Hibernate: 
    select
        u1_0.userid,
        u1_0.bsn,
        u1_0.email,
        u1_0.password,
        u1_0.phonenumber,
        u1_0.role,
        u1_0.username,
        u1_0.verify_user 
    from
        users u1_0 
    where
        u1_0.username=?
Found user: customer1
VerifyStatus: ACTIVE
[INFO] Token generated successfully for: customer1
2025-06-13T12:15:34.957+02:00  INFO 12697 --- [bankingApp] [           main] g.bankingApp.security.JwtTokenFilter     : recieved JWT token
2025-06-13T12:15:34.993+02:00  INFO 12697 --- [bankingApp] [           main] g.bankingApp.security.JwtTokenProvider   : JWT token validation succeded
Hibernate: 
    select
        u1_0.userid,
        u1_0.bsn,
        u1_0.email,
        u1_0.password,
        u1_0.phonenumber,
        u1_0.role,
        u1_0.username,
        u1_0.verify_user 
    from
        users u1_0 
    where
        u1_0.username=?
2025-06-13T12:15:35.006+02:00  INFO 12697 --- [bankingApp] [           main] g.bankingApp.security.JwtTokenFilter     : request url:/api/transactions/user
2025-06-13T12:15:35.007+02:00  INFO 12697 --- [bankingApp] [           main] g.bankingApp.security.JwtTokenFilter     : recieved JWT token
2025-06-13T12:15:35.010+02:00  INFO 12697 --- [bankingApp] [           main] g.bankingApp.security.JwtTokenProvider   : JWT token validation succeded
Hibernate: 
    select
        u1_0.userid,
        u1_0.bsn,
        u1_0.email,
        u1_0.password,
        u1_0.phonenumber,
        u1_0.role,
        u1_0.username,
        u1_0.verify_user 
    from
        users u1_0 
    where
        u1_0.username=?
2025-06-13T12:15:35.015+02:00  INFO 12697 --- [bankingApp] [           main] g.bankingApp.security.JwtTokenFilter     : request url:/api/transactions/user
Hibernate: 
    select
        t1_0.transactionid,
        t1_0.amount,
        t1_0.created_at,
        t1_0.description,
        t1_0.receiver_account,
        t1_0.sender_account,
        t1_0.transaction_type 
    from
        transaction t1_0 
    left join
        account s1_0 
            on s1_0.accountid=t1_0.sender_account 
    left join
        account r1_0 
            on r1_0.accountid=t1_0.receiver_account 
    where
        s1_0.userid=? 
        or r1_0.userid=?
]]></system-out>
  </testcase>
  <testcase name="employeeCanAccessEmployeeApi" classname="group3.bankingApp.config.SecurityAuthorizationTest" time="0.235">
    <system-out><![CDATA[Hibernate: 
    select
        u1_0.userid,
        u1_0.bsn,
        u1_0.email,
        u1_0.password,
        u1_0.phonenumber,
        u1_0.role,
        u1_0.username,
        u1_0.verify_user 
    from
        users u1_0 
    where
        u1_0.username=?
Hibernate: 
    select
        u1_0.userid,
        u1_0.bsn,
        u1_0.email,
        u1_0.password,
        u1_0.phonenumber,
        u1_0.role,
        u1_0.username,
        u1_0.verify_user 
    from
        users u1_0 
    where
        u1_0.username=?
2025-06-13T12:15:35.046+02:00  INFO 12697 --- [bankingApp] [           main] g.bankingApp.security.JwtTokenFilter     : request url:/api/user/auth/login
2025-06-13T12:15:35.047+02:00  INFO 12697 --- [bankingApp] [           main] g.bankingApp.security.JwtTokenFilter     : request url:/api/user/auth/login
Login attempt for username: 'employee1'
Hibernate: 
    select
        u1_0.userid,
        u1_0.bsn,
        u1_0.email,
        u1_0.password,
        u1_0.phonenumber,
        u1_0.role,
        u1_0.username,
        u1_0.verify_user 
    from
        users u1_0 
    where
        u1_0.username=?
Found user: employee1
VerifyStatus: ACTIVE
[INFO] Token generated successfully for: employee1
2025-06-13T12:15:35.133+02:00  INFO 12697 --- [bankingApp] [           main] g.bankingApp.security.JwtTokenFilter     : request url:/api/user/auth/login
2025-06-13T12:15:35.133+02:00  INFO 12697 --- [bankingApp] [           main] g.bankingApp.security.JwtTokenFilter     : request url:/api/user/auth/login
Login attempt for username: 'customer1'
Hibernate: 
    select
        u1_0.userid,
        u1_0.bsn,
        u1_0.email,
        u1_0.password,
        u1_0.phonenumber,
        u1_0.role,
        u1_0.username,
        u1_0.verify_user 
    from
        users u1_0 
    where
        u1_0.username=?
Found user: customer1
VerifyStatus: ACTIVE
[INFO] Token generated successfully for: customer1
2025-06-13T12:15:35.217+02:00  INFO 12697 --- [bankingApp] [           main] g.bankingApp.security.JwtTokenFilter     : recieved JWT token
2025-06-13T12:15:35.219+02:00  INFO 12697 --- [bankingApp] [           main] g.bankingApp.security.JwtTokenProvider   : JWT token validation succeded
Hibernate: 
    select
        u1_0.userid,
        u1_0.bsn,
        u1_0.email,
        u1_0.password,
        u1_0.phonenumber,
        u1_0.role,
        u1_0.username,
        u1_0.verify_user 
    from
        users u1_0 
    where
        u1_0.username=?
2025-06-13T12:15:35.223+02:00  INFO 12697 --- [bankingApp] [           main] g.bankingApp.security.JwtTokenFilter     : request url:/api/employee/users/paginated
2025-06-13T12:15:35.224+02:00  INFO 12697 --- [bankingApp] [           main] g.bankingApp.security.JwtTokenFilter     : recieved JWT token
2025-06-13T12:15:35.225+02:00  INFO 12697 --- [bankingApp] [           main] g.bankingApp.security.JwtTokenProvider   : JWT token validation succeded
Hibernate: 
    select
        u1_0.userid,
        u1_0.bsn,
        u1_0.email,
        u1_0.password,
        u1_0.phonenumber,
        u1_0.role,
        u1_0.username,
        u1_0.verify_user 
    from
        users u1_0 
    where
        u1_0.username=?
2025-06-13T12:15:35.229+02:00  INFO 12697 --- [bankingApp] [           main] g.bankingApp.security.JwtTokenFilter     : request url:/api/employee/users/paginated
Hibernate: 
    select
        u1_0.userid,
        u1_0.username,
        u1_0.email,
        u1_0.phonenumber,
        u1_0.bsn,
        u1_0.verify_user,
        a1_0.account_type,
        a1_0.iban,
        a1_0.balance,
        a1_0.daily_limit,
        a1_0.absolute_limit,
        a1_0.verify_account,
        a1_0.accountid 
    from
        users u1_0 
    left join
        account a1_0 
            on u1_0.userid=a1_0.userid 
    order by
        u1_0.userid desc 
    fetch
        first ? rows only
Hibernate: 
    select
        count(u1_0.userid) 
    from
        users u1_0 
    left join
        account a1_0 
            on u1_0.userid=a1_0.userid
]]></system-out>
  </testcase>
  <testcase name="employeeCannotAccessCustomerTransactionApi" classname="group3.bankingApp.config.SecurityAuthorizationTest" time="0.197">
    <system-out><![CDATA[Hibernate: 
    select
        u1_0.userid,
        u1_0.bsn,
        u1_0.email,
        u1_0.password,
        u1_0.phonenumber,
        u1_0.role,
        u1_0.username,
        u1_0.verify_user 
    from
        users u1_0 
    where
        u1_0.username=?
Hibernate: 
    select
        u1_0.userid,
        u1_0.bsn,
        u1_0.email,
        u1_0.password,
        u1_0.phonenumber,
        u1_0.role,
        u1_0.username,
        u1_0.verify_user 
    from
        users u1_0 
    where
        u1_0.username=?
2025-06-13T12:15:35.280+02:00  INFO 12697 --- [bankingApp] [           main] g.bankingApp.security.JwtTokenFilter     : request url:/api/user/auth/login
2025-06-13T12:15:35.280+02:00  INFO 12697 --- [bankingApp] [           main] g.bankingApp.security.JwtTokenFilter     : request url:/api/user/auth/login
Login attempt for username: 'employee1'
Hibernate: 
    select
        u1_0.userid,
        u1_0.bsn,
        u1_0.email,
        u1_0.password,
        u1_0.phonenumber,
        u1_0.role,
        u1_0.username,
        u1_0.verify_user 
    from
        users u1_0 
    where
        u1_0.username=?
Found user: employee1
VerifyStatus: ACTIVE
[INFO] Token generated successfully for: employee1
2025-06-13T12:15:35.368+02:00  INFO 12697 --- [bankingApp] [           main] g.bankingApp.security.JwtTokenFilter     : request url:/api/user/auth/login
2025-06-13T12:15:35.369+02:00  INFO 12697 --- [bankingApp] [           main] g.bankingApp.security.JwtTokenFilter     : request url:/api/user/auth/login
Login attempt for username: 'customer1'
Hibernate: 
    select
        u1_0.userid,
        u1_0.bsn,
        u1_0.email,
        u1_0.password,
        u1_0.phonenumber,
        u1_0.role,
        u1_0.username,
        u1_0.verify_user 
    from
        users u1_0 
    where
        u1_0.username=?
Found user: customer1
VerifyStatus: ACTIVE
[INFO] Token generated successfully for: customer1
2025-06-13T12:15:35.457+02:00  INFO 12697 --- [bankingApp] [           main] g.bankingApp.security.JwtTokenFilter     : recieved JWT token
2025-06-13T12:15:35.459+02:00  INFO 12697 --- [bankingApp] [           main] g.bankingApp.security.JwtTokenProvider   : JWT token validation succeded
Hibernate: 
    select
        u1_0.userid,
        u1_0.bsn,
        u1_0.email,
        u1_0.password,
        u1_0.phonenumber,
        u1_0.role,
        u1_0.username,
        u1_0.verify_user 
    from
        users u1_0 
    where
        u1_0.username=?
2025-06-13T12:15:35.463+02:00  INFO 12697 --- [bankingApp] [           main] g.bankingApp.security.JwtTokenFilter     : request url:/api/transactions/user
]]></system-out>
  </testcase>
  <testcase name="customerCannotAccessEmployeeApi" classname="group3.bankingApp.config.SecurityAuthorizationTest" time="0.192">
    <system-out><![CDATA[Hibernate: 
    select
        u1_0.userid,
        u1_0.bsn,
        u1_0.email,
        u1_0.password,
        u1_0.phonenumber,
        u1_0.role,
        u1_0.username,
        u1_0.verify_user 
    from
        users u1_0 
    where
        u1_0.username=?
Hibernate: 
    select
        u1_0.userid,
        u1_0.bsn,
        u1_0.email,
        u1_0.password,
        u1_0.phonenumber,
        u1_0.role,
        u1_0.username,
        u1_0.verify_user 
    from
        users u1_0 
    where
        u1_0.username=?
2025-06-13T12:15:35.478+02:00  INFO 12697 --- [bankingApp] [           main] g.bankingApp.security.JwtTokenFilter     : request url:/api/user/auth/login
2025-06-13T12:15:35.479+02:00  INFO 12697 --- [bankingApp] [           main] g.bankingApp.security.JwtTokenFilter     : request url:/api/user/auth/login
Login attempt for username: 'employee1'
Hibernate: 
    select
        u1_0.userid,
        u1_0.bsn,
        u1_0.email,
        u1_0.password,
        u1_0.phonenumber,
        u1_0.role,
        u1_0.username,
        u1_0.verify_user 
    from
        users u1_0 
    where
        u1_0.username=?
Found user: employee1
VerifyStatus: ACTIVE
[INFO] Token generated successfully for: employee1
2025-06-13T12:15:35.564+02:00  INFO 12697 --- [bankingApp] [           main] g.bankingApp.security.JwtTokenFilter     : request url:/api/user/auth/login
2025-06-13T12:15:35.564+02:00  INFO 12697 --- [bankingApp] [           main] g.bankingApp.security.JwtTokenFilter     : request url:/api/user/auth/login
Login attempt for username: 'customer1'
Hibernate: 
    select
        u1_0.userid,
        u1_0.bsn,
        u1_0.email,
        u1_0.password,
        u1_0.phonenumber,
        u1_0.role,
        u1_0.username,
        u1_0.verify_user 
    from
        users u1_0 
    where
        u1_0.username=?
Found user: customer1
VerifyStatus: ACTIVE
[INFO] Token generated successfully for: customer1
2025-06-13T12:15:35.650+02:00  INFO 12697 --- [bankingApp] [           main] g.bankingApp.security.JwtTokenFilter     : recieved JWT token
2025-06-13T12:15:35.652+02:00  INFO 12697 --- [bankingApp] [           main] g.bankingApp.security.JwtTokenProvider   : JWT token validation succeded
Hibernate: 
    select
        u1_0.userid,
        u1_0.bsn,
        u1_0.email,
        u1_0.password,
        u1_0.phonenumber,
        u1_0.role,
        u1_0.username,
        u1_0.verify_user 
    from
        users u1_0 
    where
        u1_0.username=?
2025-06-13T12:15:35.657+02:00  INFO 12697 --- [bankingApp] [           main] g.bankingApp.security.JwtTokenFilter     : request url:/api/employee/users/paginated
]]></system-out>
  </testcase>
</testsuite>