<?xml version="1.0" encoding="UTF-8"?>
<testsuite xmlns:xsi="http://www.w3.org/2001/XMLSchema-instance" xsi:noNamespaceSchemaLocation="https://maven.apache.org/surefire/maven-surefire-plugin/xsd/surefire-test-report.xsd" version="3.0.2" name="group3.bankingApp.BankingAppApplicationTests" time="15.511" tests="1" errors="0" skipped="0" failures="0">
  <properties>
[...]
</properties>
  <testcase name="contextLoads" classname="group3.bankingApp.BankingAppApplicationTests" time="0.912">
    <system-out><![CDATA[12:15:16.495 [main] INFO org.springframework.test.context.support.AnnotationConfigContextLoaderUtils -- Could not detect default configuration classes for test class [group3.bankingApp.BankingAppApplicationTests]: BankingAppApplicationTests does not declare any static, non-private, non-final, nested classes annotated with @Configuration.
12:15:16.776 [main] INFO org.springframework.boot.test.context.SpringBootTestContextBootstrapper -- Found @SpringBootConfiguration group3.bankingApp.BankingAppApplication for test class group3.bankingApp.BankingAppApplicationTests

  .   ____          _            __ _ _
 /\\ / ___'_ __ _ _(_)_ __  __ _ \ \ \ \
( ( )\___ | '_ | '_| | '_ \/ _` | \ \ \ \
 \\/  ___)| |_)| | | | | || (_| |  ) ) ) )
  '  |____| .__|_| |_|_| |_\__, | / / / /
 =========|_|==============|___/=/_/_/_/

 :: Spring Boot ::                (v3.4.4)

2025-06-13T12:15:17.824+02:00  INFO 12697 --- [bankingApp] [           main] g.bankingApp.BankingAppApplicationTests  : Starting BankingAppApplicationTests using Java 21.0.7 with PID 12697 (started by sietse in /media/sietse/Data/InHolland/year-2/term4/Banking-Project/Back-End)
2025-06-13T12:15:17.828+02:00  INFO 12697 --- [bankingApp] [           main] g.bankingApp.BankingAppApplicationTests  : No active profile set, falling back to 1 default profile: "default"
2025-06-13T12:15:20.351+02:00  INFO 12697 --- [bankingApp] [           main] .s.d.r.c.RepositoryConfigurationDelegate : Bootstrapping Spring Data JPA repositories in DEFAULT mode.
2025-06-13T12:15:20.544+02:00  INFO 12697 --- [bankingApp] [           main] .s.d.r.c.RepositoryConfigurationDelegate : Finished Spring Data repository scanning in 173 ms. Found 3 JPA repository interfaces.
2025-06-13T12:15:21.897+02:00  INFO 12697 --- [bankingApp] [           main] com.zaxxer.hikari.HikariDataSource       : HikariPool-1 - Starting...
2025-06-13T12:15:22.353+02:00  INFO 12697 --- [bankingApp] [           main] com.zaxxer.hikari.pool.HikariPool        : HikariPool-1 - Added connection conn0: url=jdbc:h2:mem:db user=ADMIN
2025-06-13T12:15:22.358+02:00  INFO 12697 --- [bankingApp] [           main] com.zaxxer.hikari.HikariDataSource       : HikariPool-1 - Start completed.
2025-06-13T12:15:22.449+02:00  INFO 12697 --- [bankingApp] [           main] org.flywaydb.core.FlywayExecutor         : Database: jdbc:h2:mem:db (H2 2.3)
2025-06-13T12:15:22.462+02:00  WARN 12697 --- [bankingApp] [           main] o.f.c.internal.database.base.Database    : Flyway upgrade recommended: H2 2.3.232 is newer than this version of Flyway and support has not been tested. The latest supported version of H2 is 2.2.224.
2025-06-13T12:15:22.587+02:00  INFO 12697 --- [bankingApp] [           main] o.f.c.i.s.JdbcTableSchemaHistory         : Schema history table "PUBLIC"."flyway_schema_history" does not exist yet
2025-06-13T12:15:22.593+02:00  INFO 12697 --- [bankingApp] [           main] o.f.core.internal.command.DbValidate     : Successfully validated 9 migrations (execution time 00:00.097s)
2025-06-13T12:15:22.607+02:00  INFO 12697 --- [bankingApp] [           main] o.f.c.i.s.JdbcTableSchemaHistory         : Creating Schema History table "PUBLIC"."flyway_schema_history" ...
2025-06-13T12:15:22.675+02:00  INFO 12697 --- [bankingApp] [           main] o.f.core.internal.command.DbMigrate      : Current version of schema "PUBLIC": << Empty Schema >>
2025-06-13T12:15:22.694+02:00  INFO 12697 --- [bankingApp] [           main] o.f.core.internal.command.DbMigrate      : Migrating schema "PUBLIC" to version "1 - Create Enums"
2025-06-13T12:15:22.732+02:00  INFO 12697 --- [bankingApp] [           main] o.f.core.internal.command.DbMigrate      : Migrating schema "PUBLIC" to version "2 - Create User Table"
2025-06-13T12:15:22.769+02:00  INFO 12697 --- [bankingApp] [           main] o.f.core.internal.command.DbMigrate      : Migrating schema "PUBLIC" to version "3 - Create Account Table"
2025-06-13T12:15:22.800+02:00  INFO 12697 --- [bankingApp] [           main] o.f.core.internal.command.DbMigrate      : Migrating schema "PUBLIC" to version "4 - Create Transaction Table"
2025-06-13T12:15:22.818+02:00  INFO 12697 --- [bankingApp] [           main] o.f.core.internal.command.DbMigrate      : Migrating schema "PUBLIC" to version "6 - Create Indexes"
2025-06-13T12:15:22.830+02:00  INFO 12697 --- [bankingApp] [           main] o.f.core.internal.command.DbMigrate      : Migrating schema "PUBLIC" to version "7 - Create Transaction Constraints"
2025-06-13T12:15:22.850+02:00  INFO 12697 --- [bankingApp] [           main] o.f.core.internal.command.DbMigrate      : Migrating schema "PUBLIC" to version "8 - Create UserTable Data"
2025-06-13T12:15:22.866+02:00  INFO 12697 --- [bankingApp] [           main] o.f.core.internal.command.DbMigrate      : Migrating schema "PUBLIC" to version "9 - Create Account Data"
2025-06-13T12:15:22.910+02:00  INFO 12697 --- [bankingApp] [           main] o.f.core.internal.command.DbMigrate      : Migrating schema "PUBLIC" to version "16 - Create Transaction Data"
2025-06-13T12:15:22.948+02:00  INFO 12697 --- [bankingApp] [           main] o.f.core.internal.command.DbMigrate      : Successfully applied 9 migrations to schema "PUBLIC", now at version v16 (execution time 00:00.091s)
2025-06-13T12:15:23.213+02:00  INFO 12697 --- [bankingApp] [           main] o.hibernate.jpa.internal.util.LogHelper  : HHH000204: Processing PersistenceUnitInfo [name: default]
2025-06-13T12:15:23.412+02:00  INFO 12697 --- [bankingApp] [           main] org.hibernate.Version                    : HHH000412: Hibernate ORM core version 6.5.2.Final
2025-06-13T12:15:23.510+02:00  INFO 12697 --- [bankingApp] [           main] o.h.c.internal.RegionFactoryInitiator    : HHH000026: Second-level cache disabled
2025-06-13T12:15:24.283+02:00  INFO 12697 --- [bankingApp] [           main] o.s.o.j.p.SpringPersistenceUnitInfo      : No LoadTimeWeaver setup: ignoring JPA class transformer
2025-06-13T12:15:26.152+02:00  INFO 12697 --- [bankingApp] [           main] o.h.e.t.j.p.i.JtaPlatformInitiator       : HHH000489: No JTA platform available (set 'hibernate.transaction.jta.platform' to enable JTA platform integration)
2025-06-13T12:15:26.158+02:00  INFO 12697 --- [bankingApp] [           main] j.LocalContainerEntityManagerFactoryBean : Initialized JPA EntityManagerFactory for persistence unit 'default'
2025-06-13T12:15:26.792+02:00  INFO 12697 --- [bankingApp] [           main] o.s.d.j.r.query.QueryEnhancerFactory     : Hibernate is in classpath; If applicable, HQL parser will be used.
2025-06-13T12:15:29.056+02:00  WARN 12697 --- [bankingApp] [           main] JpaBaseConfiguration$JpaWebConfiguration : spring.jpa.open-in-view is enabled by default. Therefore, database queries may be performed during view rendering. Explicitly configure spring.jpa.open-in-view to disable this warning
2025-06-13T12:15:29.126+02:00  INFO 12697 --- [bankingApp] [           main] r$InitializeUserDetailsManagerConfigurer : Global AuthenticationManager configured with UserDetailsService bean with name customUserDetailsService
2025-06-13T12:15:30.570+02:00  INFO 12697 --- [bankingApp] [           main] o.s.b.a.h2.H2ConsoleAutoConfiguration    : H2 console available at '/h2-console'. Database available at 'jdbc:h2:mem:db'
2025-06-13T12:15:30.728+02:00  INFO 12697 --- [bankingApp] [           main] g.bankingApp.BankingAppApplicationTests  : Started BankingAppApplicationTests in 13.62 seconds (process running for 15.802)
]]></system-out>
    <system-err><![CDATA[Mockito is currently self-attaching to enable the inline-mock-maker. This will no longer work in future releases of the JDK. Please add Mockito as an agent to your build what is described in Mockito's documentation: https://javadoc.io/doc/org.mockito/mockito-core/latest/org/mockito/Mockito.html#0.3
WARNING: A Java agent has been loaded dynamically (/home/sietse/.m2/repository/net/bytebuddy/byte-buddy-agent/1.15.11/byte-buddy-agent-1.15.11.jar)
WARNING: If a serviceability tool is in use, please run with -XX:+EnableDynamicAgentLoading to hide this warning
WARNING: If a serviceability tool is not in use, please run with -Djdk.instrument.traceUsage for more information
WARNING: Dynamic loading of agents will be disallowed by default in a future release
]]></system-err>
  </testcase>
</testsuite>